<?xml version="1.0" encoding="UTF-8"?>
<robot generator="Robot 6.1.1 (Python 3.12.0 on win32)" generated="20231102 16:52:17.937" rpa="false" schemaversion="4">
<suite id="s1" name="Linkedin Tests" source="C:\Users\dfabricio\Desktop\desafioGB\robot_framework\web\tests\linkedin_tests.robot">
<test id="s1-t1" name="Cadastrar Nova Conta Linkedin" line="11">
<kw name="Abrir navegador" library="base_page" type="SETUP">
<kw name="Open Browser" library="SeleniumLibrary">
<arg>${url_linkedin}</arg>
<arg>browser=chrome</arg>
<doc>Opens a new browser instance to the optional ``url``.</doc>
<msg timestamp="20231102 16:52:18.501" level="INFO">Opening browser 'chrome' to base url 'https://www.linkedin.com/home'.</msg>
<status status="PASS" starttime="20231102 16:52:18.500" endtime="20231102 16:52:21.389"/>
</kw>
<kw name="Maximize Browser Window" library="SeleniumLibrary">
<doc>Maximizes current browser window.</doc>
<status status="PASS" starttime="20231102 16:52:21.389" endtime="20231102 16:52:21.508"/>
</kw>
<status status="PASS" starttime="20231102 16:52:18.500" endtime="20231102 16:52:21.508"/>
</kw>
<kw name="Clica em Cadastre-se agora" library="linkedin_page">
<kw name="Wait Until Element Is Enabled" library="SeleniumLibrary">
<arg>xpath://a[@href='https://www.linkedin.com/signup?_l=pt&amp;trk=guest_homepage-basic_nav-header-join']</arg>
<arg>2</arg>
<doc>Waits until the element ``locator`` is enabled.</doc>
<status status="PASS" starttime="20231102 16:52:21.509" endtime="20231102 16:52:21.573"/>
</kw>
<kw name="Click Element" library="SeleniumLibrary">
<arg>xpath://a[@href='https://www.linkedin.com/signup?_l=pt&amp;trk=guest_homepage-basic_nav-header-join']</arg>
<doc>Click the element identified by ``locator``.</doc>
<msg timestamp="20231102 16:52:21.574" level="INFO">Clicking element 'xpath://a[@href='https://www.linkedin.com/signup?_l=pt&amp;trk=guest_homepage-basic_nav-header-join']'.</msg>
<status status="PASS" starttime="20231102 16:52:21.573" endtime="20231102 16:52:22.135"/>
</kw>
<kw name="Wait Until Element Is Visible" library="SeleniumLibrary">
<arg>xpath://h1[@class='main__subtitle '][contains(.,'Aproveite sua vida profissional ao máximo')]</arg>
<doc>Waits until the element ``locator`` is visible.</doc>
<status status="PASS" starttime="20231102 16:52:22.135" endtime="20231102 16:52:22.601"/>
</kw>
<kw name="Get Text" library="SeleniumLibrary">
<var>${subtitulo}</var>
<arg>xpath://h1[contains(.,'Aproveite sua vida profissional ao máximo')]</arg>
<doc>Returns the text value of the element identified by ``locator``.</doc>
<msg timestamp="20231102 16:52:22.626" level="INFO">${subtitulo} = Aproveite sua vida profissional ao máximo</msg>
<status status="PASS" starttime="20231102 16:52:22.601" endtime="20231102 16:52:22.626"/>
</kw>
<kw name="Should Be Equal" library="BuiltIn">
<arg>${subtitulo}</arg>
<arg>Aproveite sua vida profissional ao máximo</arg>
<doc>Fails if the given objects are unequal.</doc>
<status status="PASS" starttime="20231102 16:52:22.626" endtime="20231102 16:52:22.626"/>
</kw>
<status status="PASS" starttime="20231102 16:52:21.509" endtime="20231102 16:52:22.626"/>
</kw>
<kw name="Preenche Dados do Login" library="linkedin_page">
<kw name="Wait Until Element Is Enabled" library="SeleniumLibrary">
<arg>xpath://input[contains(@id,'email-or-phone')]</arg>
<doc>Waits until the element ``locator`` is enabled.</doc>
<status status="PASS" starttime="20231102 16:52:22.626" endtime="20231102 16:52:22.668"/>
</kw>
<kw name="Click Element" library="SeleniumLibrary">
<arg>xpath://input[contains(@id,'email-or-phone')]</arg>
<doc>Click the element identified by ``locator``.</doc>
<msg timestamp="20231102 16:52:22.669" level="INFO">Clicking element 'xpath://input[contains(@id,'email-or-phone')]'.</msg>
<status status="PASS" starttime="20231102 16:52:22.668" endtime="20231102 16:52:22.717"/>
</kw>
<kw name="Email" library="FakerLibrary">
<var>${Email}</var>
<msg timestamp="20231102 16:52:22.717" level="INFO">${Email} = shanefleming@example.net</msg>
<status status="PASS" starttime="20231102 16:52:22.717" endtime="20231102 16:52:22.717"/>
</kw>
<kw name="Input Text" library="SeleniumLibrary">
<arg>xpath://input[contains(@id,'email-or-phone')]</arg>
<arg>${Email}</arg>
<doc>Types the given ``text`` into the text field identified by ``locator``.</doc>
<msg timestamp="20231102 16:52:22.718" level="INFO">Typing text 'shanefleming@example.net' into text field 'xpath://input[contains(@id,'email-or-phone')]'.</msg>
<status status="PASS" starttime="20231102 16:52:22.718" endtime="20231102 16:52:22.806"/>
</kw>
<kw name="Click Element" library="SeleniumLibrary">
<arg>xpath://input[contains(@id,'password')]</arg>
<doc>Click the element identified by ``locator``.</doc>
<msg timestamp="20231102 16:52:22.806" level="INFO">Clicking element 'xpath://input[contains(@id,'password')]'.</msg>
<status status="PASS" starttime="20231102 16:52:22.806" endtime="20231102 16:52:22.847"/>
</kw>
<kw name="Password" library="FakerLibrary">
<var>${Senha}</var>
<doc>Generate a random password of the specified ``length``.</doc>
<msg timestamp="20231102 16:52:22.847" level="INFO">${Senha} = !(@IlCgb1b</msg>
<status status="PASS" starttime="20231102 16:52:22.847" endtime="20231102 16:52:22.847"/>
</kw>
<kw name="Input Text" library="SeleniumLibrary">
<arg>xpath://input[contains(@id,'password')]</arg>
<arg>${Senha}</arg>
<doc>Types the given ``text`` into the text field identified by ``locator``.</doc>
<msg timestamp="20231102 16:52:22.848" level="INFO">Typing text '!(@IlCgb1b' into text field 'xpath://input[contains(@id,'password')]'.</msg>
<status status="PASS" starttime="20231102 16:52:22.847" endtime="20231102 16:52:22.903"/>
</kw>
<kw name="Wait and Click on Element" library="base_page">
<arg>xpath://button[contains(@id,'join-form-submit')]</arg>
<kw name="Wait Until Element Is Enabled" library="SeleniumLibrary">
<arg>${locator}</arg>
<arg>5</arg>
<doc>Waits until the element ``locator`` is enabled.</doc>
<status status="PASS" starttime="20231102 16:52:22.903" endtime="20231102 16:52:22.924"/>
</kw>
<for flavor="IN RANGE">
<var>${CURRENT_VALUE_COUNT}</var>
<value>50</value>
<iter>
<var name="${CURRENT_VALUE_COUNT}">0</var>
<kw name="Run Keyword And Return Status" library="BuiltIn">
<var>${status}</var>
<arg>Click Element</arg>
<arg>${locator}</arg>
<doc>Runs the given keyword with given arguments and returns the status as a Boolean value.</doc>
<kw name="Click Element" library="SeleniumLibrary">
<arg>${locator}</arg>
<doc>Click the element identified by ``locator``.</doc>
<msg timestamp="20231102 16:52:22.925" level="INFO">Clicking element 'xpath://button[contains(@id,'join-form-submit')]'.</msg>
<status status="PASS" starttime="20231102 16:52:22.924" endtime="20231102 16:52:22.965"/>
</kw>
<msg timestamp="20231102 16:52:22.965" level="INFO">${status} = True</msg>
<status status="PASS" starttime="20231102 16:52:22.924" endtime="20231102 16:52:22.965"/>
</kw>
<kw name="Exit For Loop If" library="BuiltIn">
<arg>'${status}' == 'True'</arg>
<doc>Stops executing the enclosing FOR loop if the ``condition`` is true.</doc>
<msg timestamp="20231102 16:52:22.966" level="INFO">Exiting for loop altogether.</msg>
<status status="PASS" starttime="20231102 16:52:22.965" endtime="20231102 16:52:22.966"/>
</kw>
<status status="PASS" starttime="20231102 16:52:22.924" endtime="20231102 16:52:22.966"/>
</iter>
<status status="PASS" starttime="20231102 16:52:22.924" endtime="20231102 16:52:22.966"/>
</for>
<status status="PASS" starttime="20231102 16:52:22.903" endtime="20231102 16:52:22.966"/>
</kw>
<kw name="Capture Page Screenshot" library="SeleniumLibrary">
<doc>Takes a screenshot of the current page and embeds it into a log file.</doc>
<msg timestamp="20231102 16:52:23.081" level="INFO" html="true">&lt;/td&gt;&lt;/tr&gt;&lt;tr&gt;&lt;td colspan="3"&gt;&lt;a href="selenium-screenshot-72.png"&gt;&lt;img src="selenium-screenshot-72.png" width="800px"&gt;&lt;/a&gt;</msg>
<status status="PASS" starttime="20231102 16:52:22.966" endtime="20231102 16:52:23.082"/>
</kw>
<kw name="Wait and Click on Element" library="base_page">
<arg>xpath://input[@id='first-name']</arg>
<kw name="Wait Until Element Is Enabled" library="SeleniumLibrary">
<arg>${locator}</arg>
<arg>5</arg>
<doc>Waits until the element ``locator`` is enabled.</doc>
<status status="PASS" starttime="20231102 16:52:23.082" endtime="20231102 16:52:23.106"/>
</kw>
<for flavor="IN RANGE">
<var>${CURRENT_VALUE_COUNT}</var>
<value>50</value>
<iter>
<var name="${CURRENT_VALUE_COUNT}">0</var>
<kw name="Run Keyword And Return Status" library="BuiltIn">
<var>${status}</var>
<arg>Click Element</arg>
<arg>${locator}</arg>
<doc>Runs the given keyword with given arguments and returns the status as a Boolean value.</doc>
<kw name="Click Element" library="SeleniumLibrary">
<arg>${locator}</arg>
<doc>Click the element identified by ``locator``.</doc>
<msg timestamp="20231102 16:52:23.107" level="INFO">Clicking element 'xpath://input[@id='first-name']'.</msg>
<status status="PASS" starttime="20231102 16:52:23.107" endtime="20231102 16:52:23.142"/>
</kw>
<msg timestamp="20231102 16:52:23.143" level="INFO">${status} = True</msg>
<status status="PASS" starttime="20231102 16:52:23.106" endtime="20231102 16:52:23.143"/>
</kw>
<kw name="Exit For Loop If" library="BuiltIn">
<arg>'${status}' == 'True'</arg>
<doc>Stops executing the enclosing FOR loop if the ``condition`` is true.</doc>
<msg timestamp="20231102 16:52:23.143" level="INFO">Exiting for loop altogether.</msg>
<status status="PASS" starttime="20231102 16:52:23.143" endtime="20231102 16:52:23.143"/>
</kw>
<status status="PASS" starttime="20231102 16:52:23.106" endtime="20231102 16:52:23.143"/>
</iter>
<status status="PASS" starttime="20231102 16:52:23.106" endtime="20231102 16:52:23.143"/>
</for>
<status status="PASS" starttime="20231102 16:52:23.082" endtime="20231102 16:52:23.143"/>
</kw>
<kw name="Name" library="FakerLibrary">
<var>${Nome}</var>
<doc>:example: 'John Doe'</doc>
<msg timestamp="20231102 16:52:23.143" level="INFO">${Nome} = Christopher King</msg>
<status status="PASS" starttime="20231102 16:52:23.143" endtime="20231102 16:52:23.144"/>
</kw>
<kw name="Input Text" library="SeleniumLibrary">
<arg>xpath://input[@id='first-name']</arg>
<arg>${Nome}</arg>
<doc>Types the given ``text`` into the text field identified by ``locator``.</doc>
<msg timestamp="20231102 16:52:23.144" level="INFO">Typing text 'Christopher King' into text field 'xpath://input[@id='first-name']'.</msg>
<status status="PASS" starttime="20231102 16:52:23.144" endtime="20231102 16:52:23.210"/>
</kw>
<kw name="Wait and Click on Element" library="base_page">
<arg>xpath://input[@id='last-name']</arg>
<kw name="Wait Until Element Is Enabled" library="SeleniumLibrary">
<arg>${locator}</arg>
<arg>5</arg>
<doc>Waits until the element ``locator`` is enabled.</doc>
<status status="PASS" starttime="20231102 16:52:23.211" endtime="20231102 16:52:23.238"/>
</kw>
<for flavor="IN RANGE">
<var>${CURRENT_VALUE_COUNT}</var>
<value>50</value>
<iter>
<var name="${CURRENT_VALUE_COUNT}">0</var>
<kw name="Run Keyword And Return Status" library="BuiltIn">
<var>${status}</var>
<arg>Click Element</arg>
<arg>${locator}</arg>
<doc>Runs the given keyword with given arguments and returns the status as a Boolean value.</doc>
<kw name="Click Element" library="SeleniumLibrary">
<arg>${locator}</arg>
<doc>Click the element identified by ``locator``.</doc>
<msg timestamp="20231102 16:52:23.238" level="INFO">Clicking element 'xpath://input[@id='last-name']'.</msg>
<status status="PASS" starttime="20231102 16:52:23.238" endtime="20231102 16:52:23.275"/>
</kw>
<msg timestamp="20231102 16:52:23.275" level="INFO">${status} = True</msg>
<status status="PASS" starttime="20231102 16:52:23.238" endtime="20231102 16:52:23.275"/>
</kw>
<kw name="Exit For Loop If" library="BuiltIn">
<arg>'${status}' == 'True'</arg>
<doc>Stops executing the enclosing FOR loop if the ``condition`` is true.</doc>
<msg timestamp="20231102 16:52:23.276" level="INFO">Exiting for loop altogether.</msg>
<status status="PASS" starttime="20231102 16:52:23.275" endtime="20231102 16:52:23.276"/>
</kw>
<status status="PASS" starttime="20231102 16:52:23.238" endtime="20231102 16:52:23.276"/>
</iter>
<status status="PASS" starttime="20231102 16:52:23.238" endtime="20231102 16:52:23.276"/>
</for>
<status status="PASS" starttime="20231102 16:52:23.210" endtime="20231102 16:52:23.276"/>
</kw>
<kw name="Last Name" library="FakerLibrary">
<var>${Sobrenome}</var>
<msg timestamp="20231102 16:52:23.276" level="INFO">${Sobrenome} = Bullock</msg>
<status status="PASS" starttime="20231102 16:52:23.276" endtime="20231102 16:52:23.276"/>
</kw>
<kw name="Input Text" library="SeleniumLibrary">
<arg>xpath://input[@id='last-name']</arg>
<arg>${Sobrenome}</arg>
<doc>Types the given ``text`` into the text field identified by ``locator``.</doc>
<msg timestamp="20231102 16:52:23.277" level="INFO">Typing text 'Bullock' into text field 'xpath://input[@id='last-name']'.</msg>
<status status="PASS" starttime="20231102 16:52:23.277" endtime="20231102 16:52:23.331"/>
</kw>
<kw name="Wait and Click on Element" library="base_page">
<arg>xpath://button[contains(@id,'join-form-submit')]</arg>
<kw name="Wait Until Element Is Enabled" library="SeleniumLibrary">
<arg>${locator}</arg>
<arg>5</arg>
<doc>Waits until the element ``locator`` is enabled.</doc>
<status status="PASS" starttime="20231102 16:52:23.332" endtime="20231102 16:52:23.353"/>
</kw>
<for flavor="IN RANGE">
<var>${CURRENT_VALUE_COUNT}</var>
<value>50</value>
<iter>
<var name="${CURRENT_VALUE_COUNT}">0</var>
<kw name="Run Keyword And Return Status" library="BuiltIn">
<var>${status}</var>
<arg>Click Element</arg>
<arg>${locator}</arg>
<doc>Runs the given keyword with given arguments and returns the status as a Boolean value.</doc>
<kw name="Click Element" library="SeleniumLibrary">
<arg>${locator}</arg>
<doc>Click the element identified by ``locator``.</doc>
<msg timestamp="20231102 16:52:23.354" level="INFO">Clicking element 'xpath://button[contains(@id,'join-form-submit')]'.</msg>
<status status="PASS" starttime="20231102 16:52:23.354" endtime="20231102 16:52:23.563"/>
</kw>
<msg timestamp="20231102 16:52:23.563" level="INFO">${status} = True</msg>
<status status="PASS" starttime="20231102 16:52:23.354" endtime="20231102 16:52:23.563"/>
</kw>
<kw name="Exit For Loop If" library="BuiltIn">
<arg>'${status}' == 'True'</arg>
<doc>Stops executing the enclosing FOR loop if the ``condition`` is true.</doc>
<msg timestamp="20231102 16:52:23.563" level="INFO">Exiting for loop altogether.</msg>
<status status="PASS" starttime="20231102 16:52:23.563" endtime="20231102 16:52:23.564"/>
</kw>
<status status="PASS" starttime="20231102 16:52:23.353" endtime="20231102 16:52:23.564"/>
</iter>
<status status="PASS" starttime="20231102 16:52:23.353" endtime="20231102 16:52:23.564"/>
</for>
<status status="PASS" starttime="20231102 16:52:23.332" endtime="20231102 16:52:23.564"/>
</kw>
<kw name="Sleep" library="BuiltIn">
<arg>5</arg>
<doc>Pauses the test executed for the given time.</doc>
<msg timestamp="20231102 16:52:28.564" level="INFO">Slept 5 seconds</msg>
<status status="PASS" starttime="20231102 16:52:23.564" endtime="20231102 16:52:28.564"/>
</kw>
<kw name="Close Verification Security" library="base_page">
<try>
<branch type="TRY">
<kw name="Click Element" library="SeleniumLibrary">
<arg>xpath:span[id="challenge-title"]</arg>
<doc>Click the element identified by ``locator``.</doc>
<msg timestamp="20231102 16:52:28.564" level="INFO">Clicking element 'xpath:span[id="challenge-title"]'.</msg>
<msg timestamp="20231102 16:52:28.751" level="INFO" html="true">&lt;/td&gt;&lt;/tr&gt;&lt;tr&gt;&lt;td colspan="3"&gt;&lt;a href="selenium-screenshot-73.png"&gt;&lt;img src="selenium-screenshot-73.png" width="800px"&gt;&lt;/a&gt;</msg>
<msg timestamp="20231102 16:52:28.752" level="FAIL">Element with locator 'xpath:span[id="challenge-title"]' not found.</msg>
<status status="FAIL" starttime="20231102 16:52:28.564" endtime="20231102 16:52:28.754"/>
</kw>
<status status="FAIL" starttime="20231102 16:52:28.564" endtime="20231102 16:52:28.754"/>
</branch>
<branch type="EXCEPT">
<kw name="Log" library="BuiltIn">
<arg>Não há etapa de verificação</arg>
<doc>Logs the given message with the given level.</doc>
<msg timestamp="20231102 16:52:28.754" level="INFO">Não há etapa de verificação</msg>
<status status="PASS" starttime="20231102 16:52:28.754" endtime="20231102 16:52:28.754"/>
</kw>
<status status="PASS" starttime="20231102 16:52:28.754" endtime="20231102 16:52:28.754"/>
</branch>
<status status="PASS" starttime="20231102 16:52:28.564" endtime="20231102 16:52:28.754"/>
</try>
<status status="PASS" starttime="20231102 16:52:28.564" endtime="20231102 16:52:28.754"/>
</kw>
<kw name="Wait and Click on Element" library="base_page">
<arg>css:input[id="register-verification-phone-number"]</arg>
<kw name="Wait Until Element Is Enabled" library="SeleniumLibrary">
<arg>${locator}</arg>
<arg>5</arg>
<doc>Waits until the element ``locator`` is enabled.</doc>
<msg timestamp="20231102 16:52:34.054" level="INFO" html="true">&lt;/td&gt;&lt;/tr&gt;&lt;tr&gt;&lt;td colspan="3"&gt;&lt;a href="selenium-screenshot-74.png"&gt;&lt;img src="selenium-screenshot-74.png" width="800px"&gt;&lt;/a&gt;</msg>
<msg timestamp="20231102 16:52:34.054" level="FAIL">Element with locator 'css:input[id="register-verification-phone-number"]' not found.</msg>
<status status="FAIL" starttime="20231102 16:52:28.755" endtime="20231102 16:52:34.055"/>
</kw>
<for flavor="IN RANGE">
<var>${CURRENT_VALUE_COUNT}</var>
<value>50</value>
<iter>
<var name="${CURRENT_VALUE_COUNT}"/>
<kw name="Run Keyword And Return Status" library="BuiltIn">
<var>${status}</var>
<arg>Click Element</arg>
<arg>${locator}</arg>
<doc>Runs the given keyword with given arguments and returns the status as a Boolean value.</doc>
<status status="NOT RUN" starttime="20231102 16:52:34.055" endtime="20231102 16:52:34.055"/>
</kw>
<kw name="Exit For Loop If" library="BuiltIn">
<arg>'${status}' == 'True'</arg>
<doc>Stops executing the enclosing FOR loop if the ``condition`` is true.</doc>
<status status="NOT RUN" starttime="20231102 16:52:34.055" endtime="20231102 16:52:34.055"/>
</kw>
<status status="NOT RUN" starttime="20231102 16:52:34.055" endtime="20231102 16:52:34.055"/>
</iter>
<status status="NOT RUN" starttime="20231102 16:52:34.055" endtime="20231102 16:52:34.055"/>
</for>
<status status="FAIL" starttime="20231102 16:52:28.754" endtime="20231102 16:52:34.055"/>
</kw>
<kw name="Phone Number" library="FakerLibrary">
<var>${Telefone}</var>
<status status="NOT RUN" starttime="20231102 16:52:34.056" endtime="20231102 16:52:34.056"/>
</kw>
<kw name="Input Text" library="SeleniumLibrary">
<arg>css:input[id="register-verification-phone-number"]</arg>
<arg>${Telefone}</arg>
<doc>Types the given ``text`` into the text field identified by ``locator``.</doc>
<status status="NOT RUN" starttime="20231102 16:52:34.056" endtime="20231102 16:52:34.056"/>
</kw>
<kw name="Click Element" library="SeleniumLibrary">
<arg>xpath://button[contains(@id,'register-phone-submit-button')]</arg>
<doc>Click the element identified by ``locator``.</doc>
<status status="NOT RUN" starttime="20231102 16:52:34.056" endtime="20231102 16:52:34.056"/>
</kw>
<kw name="Capture Page Screenshot" library="SeleniumLibrary">
<doc>Takes a screenshot of the current page and embeds it into a log file.</doc>
<status status="NOT RUN" starttime="20231102 16:52:34.056" endtime="20231102 16:52:34.056"/>
</kw>
<status status="FAIL" starttime="20231102 16:52:22.626" endtime="20231102 16:52:34.056"/>
</kw>
<status status="FAIL" starttime="20231102 16:52:18.486" endtime="20231102 16:52:34.056">Element with locator 'css:input[id="register-verification-phone-number"]' not found.</status>
</test>
<test id="s1-t2" name="Cadastrar Nova Conta com Dados Incorretos" line="16">
<kw name="Abrir navegador" library="base_page" type="SETUP">
<kw name="Open Browser" library="SeleniumLibrary">
<arg>${url_linkedin}</arg>
<arg>browser=chrome</arg>
<doc>Opens a new browser instance to the optional ``url``.</doc>
<msg timestamp="20231102 16:52:34.058" level="INFO">Opening browser 'chrome' to base url 'https://www.linkedin.com/home'.</msg>
<status status="PASS" starttime="20231102 16:52:34.058" endtime="20231102 16:52:36.854"/>
</kw>
<kw name="Maximize Browser Window" library="SeleniumLibrary">
<doc>Maximizes current browser window.</doc>
<status status="PASS" starttime="20231102 16:52:36.855" endtime="20231102 16:52:36.970"/>
</kw>
<status status="PASS" starttime="20231102 16:52:34.058" endtime="20231102 16:52:36.970"/>
</kw>
<kw name="Preenche Login com Email Incorreto" library="linkedin_page">
<kw name="Clica em Cadastre-se agora" library="linkedin_page">
<kw name="Wait Until Element Is Enabled" library="SeleniumLibrary">
<arg>xpath://a[@href='https://www.linkedin.com/signup?_l=pt&amp;trk=guest_homepage-basic_nav-header-join']</arg>
<arg>2</arg>
<doc>Waits until the element ``locator`` is enabled.</doc>
<status status="PASS" starttime="20231102 16:52:36.970" endtime="20231102 16:52:37.005"/>
</kw>
<kw name="Click Element" library="SeleniumLibrary">
<arg>xpath://a[@href='https://www.linkedin.com/signup?_l=pt&amp;trk=guest_homepage-basic_nav-header-join']</arg>
<doc>Click the element identified by ``locator``.</doc>
<msg timestamp="20231102 16:52:37.006" level="INFO">Clicking element 'xpath://a[@href='https://www.linkedin.com/signup?_l=pt&amp;trk=guest_homepage-basic_nav-header-join']'.</msg>
<status status="PASS" starttime="20231102 16:52:37.005" endtime="20231102 16:52:37.646"/>
</kw>
<kw name="Wait Until Element Is Visible" library="SeleniumLibrary">
<arg>xpath://h1[@class='main__subtitle '][contains(.,'Aproveite sua vida profissional ao máximo')]</arg>
<doc>Waits until the element ``locator`` is visible.</doc>
<status status="PASS" starttime="20231102 16:52:37.646" endtime="20231102 16:52:37.702"/>
</kw>
<kw name="Get Text" library="SeleniumLibrary">
<var>${subtitulo}</var>
<arg>xpath://h1[contains(.,'Aproveite sua vida profissional ao máximo')]</arg>
<doc>Returns the text value of the element identified by ``locator``.</doc>
<msg timestamp="20231102 16:52:38.215" level="INFO">${subtitulo} = Aproveite sua vida profissional ao máximo</msg>
<status status="PASS" starttime="20231102 16:52:37.702" endtime="20231102 16:52:38.215"/>
</kw>
<kw name="Should Be Equal" library="BuiltIn">
<arg>${subtitulo}</arg>
<arg>Aproveite sua vida profissional ao máximo</arg>
<doc>Fails if the given objects are unequal.</doc>
<status status="PASS" starttime="20231102 16:52:38.215" endtime="20231102 16:52:38.215"/>
</kw>
<status status="PASS" starttime="20231102 16:52:36.970" endtime="20231102 16:52:38.215"/>
</kw>
<kw name="Wait Until Element Is Enabled" library="SeleniumLibrary">
<arg>xpath://input[contains(@id,'email-or-phone')]</arg>
<doc>Waits until the element ``locator`` is enabled.</doc>
<status status="PASS" starttime="20231102 16:52:38.215" endtime="20231102 16:52:38.243"/>
</kw>
<kw name="Click Element" library="SeleniumLibrary">
<arg>xpath://input[contains(@id,'email-or-phone')]</arg>
<doc>Click the element identified by ``locator``.</doc>
<msg timestamp="20231102 16:52:38.244" level="INFO">Clicking element 'xpath://input[contains(@id,'email-or-phone')]'.</msg>
<status status="PASS" starttime="20231102 16:52:38.243" endtime="20231102 16:52:38.304"/>
</kw>
<kw name="Input Text" library="SeleniumLibrary">
<arg>xpath://input[contains(@id,'email-or-phone')]</arg>
<arg>ss.com</arg>
<doc>Types the given ``text`` into the text field identified by ``locator``.</doc>
<msg timestamp="20231102 16:52:38.304" level="INFO">Typing text 'ss.com' into text field 'xpath://input[contains(@id,'email-or-phone')]'.</msg>
<status status="PASS" starttime="20231102 16:52:38.304" endtime="20231102 16:52:38.430"/>
</kw>
<kw name="Click Element" library="SeleniumLibrary">
<arg>xpath://input[contains(@id,'password')]</arg>
<doc>Click the element identified by ``locator``.</doc>
<msg timestamp="20231102 16:52:38.431" level="INFO">Clicking element 'xpath://input[contains(@id,'password')]'.</msg>
<status status="PASS" starttime="20231102 16:52:38.430" endtime="20231102 16:52:38.504"/>
</kw>
<kw name="Input Text" library="SeleniumLibrary">
<arg>xpath://input[contains(@id,'password')]</arg>
<arg>Teste123+</arg>
<doc>Types the given ``text`` into the text field identified by ``locator``.</doc>
<msg timestamp="20231102 16:52:38.505" level="INFO">Typing text 'Teste123+' into text field 'xpath://input[contains(@id,'password')]'.</msg>
<status status="PASS" starttime="20231102 16:52:38.504" endtime="20231102 16:52:38.574"/>
</kw>
<kw name="Wait and Click on Element" library="base_page">
<arg>xpath://button[contains(@id,'join-form-submit')]</arg>
<kw name="Wait Until Element Is Enabled" library="SeleniumLibrary">
<arg>${locator}</arg>
<arg>5</arg>
<doc>Waits until the element ``locator`` is enabled.</doc>
<status status="PASS" starttime="20231102 16:52:38.574" endtime="20231102 16:52:38.596"/>
</kw>
<for flavor="IN RANGE">
<var>${CURRENT_VALUE_COUNT}</var>
<value>50</value>
<iter>
<var name="${CURRENT_VALUE_COUNT}">0</var>
<kw name="Run Keyword And Return Status" library="BuiltIn">
<var>${status}</var>
<arg>Click Element</arg>
<arg>${locator}</arg>
<doc>Runs the given keyword with given arguments and returns the status as a Boolean value.</doc>
<kw name="Click Element" library="SeleniumLibrary">
<arg>${locator}</arg>
<doc>Click the element identified by ``locator``.</doc>
<msg timestamp="20231102 16:52:38.597" level="INFO">Clicking element 'xpath://button[contains(@id,'join-form-submit')]'.</msg>
<status status="PASS" starttime="20231102 16:52:38.597" endtime="20231102 16:52:38.639"/>
</kw>
<msg timestamp="20231102 16:52:38.639" level="INFO">${status} = True</msg>
<status status="PASS" starttime="20231102 16:52:38.597" endtime="20231102 16:52:38.639"/>
</kw>
<kw name="Exit For Loop If" library="BuiltIn">
<arg>'${status}' == 'True'</arg>
<doc>Stops executing the enclosing FOR loop if the ``condition`` is true.</doc>
<msg timestamp="20231102 16:52:38.640" level="INFO">Exiting for loop altogether.</msg>
<status status="PASS" starttime="20231102 16:52:38.639" endtime="20231102 16:52:38.640"/>
</kw>
<status status="PASS" starttime="20231102 16:52:38.597" endtime="20231102 16:52:38.640"/>
</iter>
<status status="PASS" starttime="20231102 16:52:38.596" endtime="20231102 16:52:38.640"/>
</for>
<status status="PASS" starttime="20231102 16:52:38.574" endtime="20231102 16:52:38.640"/>
</kw>
<kw name="Get WebElement" library="SeleniumLibrary">
<var>${email_incorreto}</var>
<arg>xpath://p[contains(.,'Insira um e-mail ou número de celular válido.')]</arg>
<doc>Returns the first WebElement matching the given ``locator``.</doc>
<msg timestamp="20231102 16:52:38.652" level="INFO">${email_incorreto} = &lt;selenium.webdriver.remote.webelement.WebElement (session="5b52a4641eeb1f82105e1a0604cad482", element="7D6CD408CCD554C914155095352D4273_element_39")&gt;</msg>
<status status="PASS" starttime="20231102 16:52:38.640" endtime="20231102 16:52:38.652"/>
</kw>
<kw name="Should Be Equal" library="BuiltIn">
<arg>${email_incorreto}</arg>
<arg>Insira um e-mail ou número de celular válido.</arg>
<doc>Fails if the given objects are unequal.</doc>
<msg timestamp="20231102 16:52:38.653" level="INFO">Argument types are:
&lt;class 'selenium.webdriver.remote.webelement.WebElement'&gt;
&lt;class 'str'&gt;</msg>
<msg timestamp="20231102 16:52:38.653" level="FAIL">&lt;selenium.webdriver.remote.webelement.WebElement (session="5b52a4641eeb1f82105e1a0604cad482", element="7D6CD408CCD554C914155095352D4273_element_39")&gt; != Insira um e-mail ou número de celular válido.</msg>
<status status="FAIL" starttime="20231102 16:52:38.653" endtime="20231102 16:52:38.653"/>
</kw>
<status status="FAIL" starttime="20231102 16:52:36.970" endtime="20231102 16:52:38.653"/>
</kw>
<status status="FAIL" starttime="20231102 16:52:34.057" endtime="20231102 16:52:38.654">&lt;selenium.webdriver.remote.webelement.WebElement (session="5b52a4641eeb1f82105e1a0604cad482", element="7D6CD408CCD554C914155095352D4273_element_39")&gt; != Insira um e-mail ou número de celular válido.</status>
</test>
<status status="FAIL" starttime="20231102 16:52:17.942" endtime="20231102 16:52:38.655"/>
</suite>
<statistics>
<total>
<stat pass="0" fail="2" skip="0">All Tests</stat>
</total>
<tag>
</tag>
<suite>
<stat pass="0" fail="2" skip="0" id="s1" name="Linkedin Tests">Linkedin Tests</stat>
</suite>
</statistics>
<errors>
</errors>
</robot>
